{"/Users/matti/skunkworks/i18nphoneformatter/src/index.js": {"path":"/Users/matti/skunkworks/i18nphoneformatter/src/index.js","statementMap":{"0":{"start":{"line":14,"column":2},"end":{"line":14,"column":40}},"1":{"start":{"line":15,"column":2},"end":{"line":19,"column":3}},"2":{"start":{"line":16,"column":4},"end":{"line":16,"column":46}},"3":{"start":{"line":18,"column":4},"end":{"line":18,"column":40}},"4":{"start":{"line":20,"column":2},"end":{"line":20,"column":15}},"5":{"start":{"line":31,"column":20},"end":{"line":31,"column":67}},"6":{"start":{"line":32,"column":17},"end":{"line":32,"column":54}},"7":{"start":{"line":33,"column":15},"end":{"line":33,"column":45}},"8":{"start":{"line":34,"column":2},"end":{"line":34,"column":52}},"9":{"start":{"line":35,"column":2},"end":{"line":35,"column":27}},"10":{"start":{"line":50,"column":27},"end":{"line":50,"column":44}},"11":{"start":{"line":51,"column":20},"end":{"line":51,"column":67}},"12":{"start":{"line":52,"column":17},"end":{"line":52,"column":74}},"13":{"start":{"line":53,"column":15},"end":{"line":53,"column":45}},"14":{"start":{"line":54,"column":2},"end":{"line":54,"column":73}},"15":{"start":{"line":55,"column":2},"end":{"line":55,"column":27}},"16":{"start":{"line":69,"column":2},"end":{"line":89,"column":3}},"17":{"start":{"line":70,"column":29},"end":{"line":70,"column":46}},"18":{"start":{"line":71,"column":22},"end":{"line":71,"column":69}},"19":{"start":{"line":72,"column":19},"end":{"line":72,"column":76}},"20":{"start":{"line":73,"column":4},"end":{"line":86,"column":5}},"21":{"start":{"line":74,"column":19},"end":{"line":74,"column":37}},"22":{"start":{"line":75,"column":6},"end":{"line":83,"column":7}},"23":{"start":{"line":80,"column":8},"end":{"line":80,"column":20}},"24":{"start":{"line":82,"column":8},"end":{"line":82,"column":21}},"25":{"start":{"line":85,"column":6},"end":{"line":85,"column":45}},"26":{"start":{"line":88,"column":4},"end":{"line":88,"column":17}},"27":{"start":{"line":103,"column":2},"end":{"line":113,"column":3}},"28":{"start":{"line":104,"column":16},"end":{"line":104,"column":33}},"29":{"start":{"line":105,"column":20},"end":{"line":105,"column":67}},"30":{"start":{"line":106,"column":17},"end":{"line":106,"column":63}},"31":{"start":{"line":107,"column":14},"end":{"line":107,"column":49}},"32":{"start":{"line":108,"column":17},"end":{"line":108,"column":47}},"33":{"start":{"line":109,"column":4},"end":{"line":109,"column":48}},"34":{"start":{"line":110,"column":4},"end":{"line":110,"column":29}},"35":{"start":{"line":112,"column":4},"end":{"line":112,"column":17}},"36":{"start":{"line":126,"column":2},"end":{"line":137,"column":3}},"37":{"start":{"line":127,"column":16},"end":{"line":127,"column":33}},"38":{"start":{"line":128,"column":20},"end":{"line":128,"column":69}},"39":{"start":{"line":129,"column":17},"end":{"line":129,"column":47}},"40":{"start":{"line":130,"column":4},"end":{"line":133,"column":5}},"41":{"start":{"line":131,"column":22},"end":{"line":131,"column":37}},"42":{"start":{"line":132,"column":6},"end":{"line":132,"column":47}},"43":{"start":{"line":134,"column":4},"end":{"line":134,"column":29}},"44":{"start":{"line":136,"column":4},"end":{"line":136,"column":17}},"45":{"start":{"line":151,"column":2},"end":{"line":165,"column":3}},"46":{"start":{"line":152,"column":16},"end":{"line":152,"column":33}},"47":{"start":{"line":153,"column":20},"end":{"line":153,"column":67}},"48":{"start":{"line":154,"column":17},"end":{"line":154,"column":63}},"49":{"start":{"line":155,"column":4},"end":{"line":162,"column":5}},"50":{"start":{"line":156,"column":16},"end":{"line":156,"column":51}},"51":{"start":{"line":157,"column":19},"end":{"line":157,"column":49}},"52":{"start":{"line":158,"column":6},"end":{"line":158,"column":54}},"53":{"start":{"line":159,"column":6},"end":{"line":159,"column":31}},"54":{"start":{"line":161,"column":6},"end":{"line":161,"column":49}},"55":{"start":{"line":164,"column":4},"end":{"line":164,"column":47}},"56":{"start":{"line":177,"column":2},"end":{"line":183,"column":3}},"57":{"start":{"line":178,"column":20},"end":{"line":178,"column":67}},"58":{"start":{"line":179,"column":17},"end":{"line":179,"column":52}},"59":{"start":{"line":180,"column":4},"end":{"line":180,"column":43}},"60":{"start":{"line":182,"column":4},"end":{"line":182,"column":14}},"61":{"start":{"line":195,"column":2},"end":{"line":204,"column":3}},"62":{"start":{"line":196,"column":20},"end":{"line":196,"column":67}},"63":{"start":{"line":197,"column":17},"end":{"line":200,"column":5}},"64":{"start":{"line":201,"column":4},"end":{"line":201,"column":43}},"65":{"start":{"line":203,"column":4},"end":{"line":203,"column":14}},"66":{"start":{"line":216,"column":2},"end":{"line":218,"column":3}},"67":{"start":{"line":217,"column":4},"end":{"line":217,"column":16}},"68":{"start":{"line":219,"column":21},"end":{"line":219,"column":32}},"69":{"start":{"line":220,"column":2},"end":{"line":220,"column":35}},"70":{"start":{"line":221,"column":2},"end":{"line":221,"column":31}},"71":{"start":{"line":222,"column":2},"end":{"line":222,"column":31}},"72":{"start":{"line":223,"column":2},"end":{"line":223,"column":38}},"73":{"start":{"line":224,"column":2},"end":{"line":224,"column":31}},"74":{"start":{"line":225,"column":2},"end":{"line":225,"column":30}},"75":{"start":{"line":226,"column":2},"end":{"line":226,"column":32}},"76":{"start":{"line":227,"column":2},"end":{"line":227,"column":34}},"77":{"start":{"line":228,"column":2},"end":{"line":228,"column":43}},"78":{"start":{"line":229,"column":2},"end":{"line":229,"column":33}},"79":{"start":{"line":230,"column":2},"end":{"line":230,"column":31}},"80":{"start":{"line":231,"column":2},"end":{"line":231,"column":29}},"81":{"start":{"line":232,"column":2},"end":{"line":232,"column":40}},"82":{"start":{"line":233,"column":2},"end":{"line":233,"column":33}},"83":{"start":{"line":234,"column":2},"end":{"line":234,"column":31}},"84":{"start":{"line":235,"column":2},"end":{"line":235,"column":34}},"85":{"start":{"line":236,"column":2},"end":{"line":236,"column":31}},"86":{"start":{"line":237,"column":2},"end":{"line":237,"column":31}},"87":{"start":{"line":238,"column":2},"end":{"line":238,"column":34}},"88":{"start":{"line":239,"column":2},"end":{"line":239,"column":32}},"89":{"start":{"line":240,"column":2},"end":{"line":240,"column":31}},"90":{"start":{"line":241,"column":2},"end":{"line":241,"column":31}},"91":{"start":{"line":242,"column":2},"end":{"line":242,"column":30}},"92":{"start":{"line":243,"column":2},"end":{"line":243,"column":29}},"93":{"start":{"line":244,"column":2},"end":{"line":244,"column":31}},"94":{"start":{"line":245,"column":2},"end":{"line":245,"column":30}},"95":{"start":{"line":246,"column":2},"end":{"line":246,"column":31}},"96":{"start":{"line":247,"column":2},"end":{"line":247,"column":46}},"97":{"start":{"line":248,"column":2},"end":{"line":248,"column":32}},"98":{"start":{"line":249,"column":2},"end":{"line":249,"column":37}},"99":{"start":{"line":250,"column":2},"end":{"line":250,"column":30}},"100":{"start":{"line":251,"column":2},"end":{"line":251,"column":54}},"101":{"start":{"line":252,"column":2},"end":{"line":252,"column":30}},"102":{"start":{"line":253,"column":2},"end":{"line":253,"column":32}},"103":{"start":{"line":254,"column":2},"end":{"line":254,"column":36}},"104":{"start":{"line":255,"column":2},"end":{"line":255,"column":31}},"105":{"start":{"line":256,"column":2},"end":{"line":256,"column":32}},"106":{"start":{"line":257,"column":2},"end":{"line":257,"column":32}},"107":{"start":{"line":258,"column":2},"end":{"line":258,"column":30}},"108":{"start":{"line":259,"column":2},"end":{"line":259,"column":34}},"109":{"start":{"line":260,"column":2},"end":{"line":260,"column":38}},"110":{"start":{"line":261,"column":2},"end":{"line":261,"column":48}},"111":{"start":{"line":262,"column":2},"end":{"line":262,"column":28}},"112":{"start":{"line":263,"column":2},"end":{"line":263,"column":29}},"113":{"start":{"line":264,"column":2},"end":{"line":264,"column":29}},"114":{"start":{"line":265,"column":2},"end":{"line":265,"column":40}},"115":{"start":{"line":266,"column":2},"end":{"line":266,"column":47}},"116":{"start":{"line":267,"column":2},"end":{"line":267,"column":32}},"117":{"start":{"line":268,"column":2},"end":{"line":268,"column":31}},"118":{"start":{"line":269,"column":2},"end":{"line":269,"column":29}},"119":{"start":{"line":270,"column":2},"end":{"line":270,"column":36}},"120":{"start":{"line":271,"column":2},"end":{"line":271,"column":34}},"121":{"start":{"line":272,"column":2},"end":{"line":272,"column":51}},"122":{"start":{"line":273,"column":2},"end":{"line":273,"column":42}},"123":{"start":{"line":274,"column":2},"end":{"line":274,"column":28}},"124":{"start":{"line":275,"column":2},"end":{"line":275,"column":30}},"125":{"start":{"line":276,"column":2},"end":{"line":276,"column":38}},"126":{"start":{"line":277,"column":2},"end":{"line":277,"column":60}},"127":{"start":{"line":278,"column":2},"end":{"line":278,"column":31}},"128":{"start":{"line":279,"column":2},"end":{"line":279,"column":32}},"129":{"start":{"line":280,"column":2},"end":{"line":280,"column":32}},"130":{"start":{"line":281,"column":2},"end":{"line":281,"column":42}},"131":{"start":{"line":282,"column":2},"end":{"line":282,"column":34}},"132":{"start":{"line":283,"column":2},"end":{"line":283,"column":31}},"133":{"start":{"line":284,"column":2},"end":{"line":284,"column":29}},"134":{"start":{"line":285,"column":2},"end":{"line":285,"column":35}},"135":{"start":{"line":286,"column":2},"end":{"line":286,"column":41}},"136":{"start":{"line":287,"column":2},"end":{"line":287,"column":31}},"137":{"start":{"line":288,"column":2},"end":{"line":288,"column":31}},"138":{"start":{"line":289,"column":2},"end":{"line":289,"column":32}},"139":{"start":{"line":290,"column":2},"end":{"line":290,"column":51}},"140":{"start":{"line":291,"column":2},"end":{"line":291,"column":37}},"141":{"start":{"line":292,"column":2},"end":{"line":292,"column":28}},"142":{"start":{"line":293,"column":2},"end":{"line":293,"column":31}},"143":{"start":{"line":294,"column":2},"end":{"line":294,"column":30}},"144":{"start":{"line":295,"column":2},"end":{"line":295,"column":44}},"145":{"start":{"line":296,"column":2},"end":{"line":296,"column":37}},"146":{"start":{"line":297,"column":2},"end":{"line":297,"column":40}},"147":{"start":{"line":298,"column":2},"end":{"line":298,"column":51}},"148":{"start":{"line":299,"column":2},"end":{"line":299,"column":29}},"149":{"start":{"line":300,"column":2},"end":{"line":300,"column":30}},"150":{"start":{"line":301,"column":2},"end":{"line":301,"column":31}},"151":{"start":{"line":302,"column":2},"end":{"line":302,"column":31}},"152":{"start":{"line":303,"column":2},"end":{"line":303,"column":29}},"153":{"start":{"line":304,"column":2},"end":{"line":304,"column":33}},"154":{"start":{"line":305,"column":2},"end":{"line":305,"column":30}},"155":{"start":{"line":306,"column":2},"end":{"line":306,"column":33}},"156":{"start":{"line":307,"column":2},"end":{"line":307,"column":31}},"157":{"start":{"line":308,"column":2},"end":{"line":308,"column":34}},"158":{"start":{"line":309,"column":2},"end":{"line":309,"column":28}},"159":{"start":{"line":310,"column":2},"end":{"line":310,"column":33}},"160":{"start":{"line":311,"column":2},"end":{"line":311,"column":30}},"161":{"start":{"line":312,"column":2},"end":{"line":312,"column":37}},"162":{"start":{"line":313,"column":2},"end":{"line":313,"column":30}},"163":{"start":{"line":314,"column":2},"end":{"line":314,"column":29}},"164":{"start":{"line":315,"column":2},"end":{"line":315,"column":50}},"165":{"start":{"line":316,"column":2},"end":{"line":316,"column":32}},"166":{"start":{"line":317,"column":2},"end":{"line":317,"column":33}},"167":{"start":{"line":318,"column":2},"end":{"line":318,"column":31}},"168":{"start":{"line":319,"column":2},"end":{"line":319,"column":31}},"169":{"start":{"line":320,"column":2},"end":{"line":320,"column":29}},"170":{"start":{"line":321,"column":2},"end":{"line":321,"column":33}},"171":{"start":{"line":322,"column":2},"end":{"line":322,"column":28}},"172":{"start":{"line":323,"column":2},"end":{"line":323,"column":28}},"173":{"start":{"line":324,"column":2},"end":{"line":324,"column":31}},"174":{"start":{"line":325,"column":2},"end":{"line":325,"column":35}},"175":{"start":{"line":326,"column":2},"end":{"line":326,"column":30}},"176":{"start":{"line":327,"column":2},"end":{"line":327,"column":29}},"177":{"start":{"line":328,"column":2},"end":{"line":328,"column":31}},"178":{"start":{"line":329,"column":2},"end":{"line":329,"column":29}},"179":{"start":{"line":330,"column":2},"end":{"line":330,"column":30}},"180":{"start":{"line":331,"column":2},"end":{"line":331,"column":34}},"181":{"start":{"line":332,"column":2},"end":{"line":332,"column":29}},"182":{"start":{"line":333,"column":2},"end":{"line":333,"column":32}},"183":{"start":{"line":334,"column":2},"end":{"line":334,"column":30}},"184":{"start":{"line":335,"column":2},"end":{"line":335,"column":34}},"185":{"start":{"line":336,"column":2},"end":{"line":336,"column":28}},"186":{"start":{"line":337,"column":2},"end":{"line":337,"column":30}},"187":{"start":{"line":338,"column":2},"end":{"line":338,"column":31}},"188":{"start":{"line":339,"column":2},"end":{"line":339,"column":31}},"189":{"start":{"line":340,"column":2},"end":{"line":340,"column":31}},"190":{"start":{"line":341,"column":2},"end":{"line":341,"column":29}},"191":{"start":{"line":342,"column":2},"end":{"line":342,"column":37}},"192":{"start":{"line":343,"column":2},"end":{"line":343,"column":33}},"193":{"start":{"line":344,"column":2},"end":{"line":344,"column":34}},"194":{"start":{"line":345,"column":2},"end":{"line":345,"column":29}},"195":{"start":{"line":346,"column":2},"end":{"line":346,"column":33}},"196":{"start":{"line":347,"column":2},"end":{"line":347,"column":34}},"197":{"start":{"line":348,"column":2},"end":{"line":348,"column":30}},"198":{"start":{"line":349,"column":2},"end":{"line":349,"column":32}},"199":{"start":{"line":350,"column":2},"end":{"line":350,"column":32}},"200":{"start":{"line":351,"column":2},"end":{"line":351,"column":28}},"201":{"start":{"line":352,"column":2},"end":{"line":352,"column":29}},"202":{"start":{"line":353,"column":2},"end":{"line":353,"column":40}},"203":{"start":{"line":354,"column":2},"end":{"line":354,"column":34}},"204":{"start":{"line":355,"column":2},"end":{"line":355,"column":34}},"205":{"start":{"line":356,"column":2},"end":{"line":356,"column":33}},"206":{"start":{"line":357,"column":2},"end":{"line":357,"column":31}},"207":{"start":{"line":358,"column":2},"end":{"line":358,"column":30}},"208":{"start":{"line":359,"column":2},"end":{"line":359,"column":34}},"209":{"start":{"line":360,"column":2},"end":{"line":360,"column":31}},"210":{"start":{"line":361,"column":2},"end":{"line":361,"column":30}},"211":{"start":{"line":362,"column":2},"end":{"line":362,"column":32}},"212":{"start":{"line":363,"column":2},"end":{"line":363,"column":34}},"213":{"start":{"line":364,"column":2},"end":{"line":364,"column":34}},"214":{"start":{"line":365,"column":2},"end":{"line":365,"column":31}},"215":{"start":{"line":366,"column":2},"end":{"line":366,"column":34}},"216":{"start":{"line":367,"column":2},"end":{"line":367,"column":39}},"217":{"start":{"line":368,"column":2},"end":{"line":368,"column":31}},"218":{"start":{"line":369,"column":2},"end":{"line":369,"column":29}},"219":{"start":{"line":370,"column":2},"end":{"line":370,"column":29}},"220":{"start":{"line":371,"column":2},"end":{"line":371,"column":35}},"221":{"start":{"line":372,"column":2},"end":{"line":372,"column":44}},"222":{"start":{"line":373,"column":2},"end":{"line":373,"column":37}},"223":{"start":{"line":374,"column":2},"end":{"line":374,"column":35}},"224":{"start":{"line":375,"column":2},"end":{"line":375,"column":33}},"225":{"start":{"line":376,"column":2},"end":{"line":376,"column":29}},"226":{"start":{"line":377,"column":2},"end":{"line":377,"column":31}},"227":{"start":{"line":378,"column":2},"end":{"line":378,"column":28}},"228":{"start":{"line":379,"column":2},"end":{"line":379,"column":38}},"229":{"start":{"line":380,"column":2},"end":{"line":380,"column":35}},"230":{"start":{"line":381,"column":2},"end":{"line":381,"column":48}},"231":{"start":{"line":382,"column":2},"end":{"line":382,"column":30}},"232":{"start":{"line":383,"column":2},"end":{"line":383,"column":28}},"233":{"start":{"line":384,"column":2},"end":{"line":384,"column":32}},"234":{"start":{"line":385,"column":2},"end":{"line":385,"column":29}},"235":{"start":{"line":386,"column":2},"end":{"line":386,"column":33}},"236":{"start":{"line":387,"column":2},"end":{"line":387,"column":30}},"237":{"start":{"line":388,"column":2},"end":{"line":388,"column":40}},"238":{"start":{"line":389,"column":2},"end":{"line":389,"column":32}},"239":{"start":{"line":390,"column":2},"end":{"line":390,"column":28}},"240":{"start":{"line":391,"column":2},"end":{"line":391,"column":35}},"241":{"start":{"line":392,"column":2},"end":{"line":392,"column":32}},"242":{"start":{"line":393,"column":2},"end":{"line":393,"column":30}},"243":{"start":{"line":394,"column":2},"end":{"line":394,"column":32}},"244":{"start":{"line":395,"column":2},"end":{"line":395,"column":35}},"245":{"start":{"line":396,"column":2},"end":{"line":396,"column":29}},"246":{"start":{"line":397,"column":2},"end":{"line":397,"column":31}},"247":{"start":{"line":398,"column":2},"end":{"line":398,"column":31}},"248":{"start":{"line":399,"column":2},"end":{"line":399,"column":30}},"249":{"start":{"line":400,"column":2},"end":{"line":400,"column":30}},"250":{"start":{"line":401,"column":2},"end":{"line":401,"column":36}},"251":{"start":{"line":402,"column":2},"end":{"line":402,"column":45}},"252":{"start":{"line":403,"column":2},"end":{"line":403,"column":35}},"253":{"start":{"line":404,"column":2},"end":{"line":404,"column":49}},"254":{"start":{"line":405,"column":2},"end":{"line":405,"column":56}},"255":{"start":{"line":406,"column":2},"end":{"line":406,"column":34}},"256":{"start":{"line":407,"column":2},"end":{"line":407,"column":45}},"257":{"start":{"line":408,"column":2},"end":{"line":408,"column":36}},"258":{"start":{"line":409,"column":2},"end":{"line":409,"column":31}},"259":{"start":{"line":410,"column":2},"end":{"line":410,"column":30}},"260":{"start":{"line":411,"column":2},"end":{"line":411,"column":34}},"261":{"start":{"line":412,"column":2},"end":{"line":412,"column":36}},"262":{"start":{"line":413,"column":2},"end":{"line":413,"column":33}},"263":{"start":{"line":414,"column":2},"end":{"line":414,"column":39}},"264":{"start":{"line":415,"column":2},"end":{"line":415,"column":32}},"265":{"start":{"line":416,"column":2},"end":{"line":416,"column":39}},"266":{"start":{"line":417,"column":2},"end":{"line":417,"column":31}},"267":{"start":{"line":418,"column":2},"end":{"line":418,"column":36}},"268":{"start":{"line":419,"column":2},"end":{"line":419,"column":64}},"269":{"start":{"line":420,"column":2},"end":{"line":420,"column":35}},"270":{"start":{"line":421,"column":2},"end":{"line":421,"column":29}},"271":{"start":{"line":422,"column":2},"end":{"line":422,"column":33}},"272":{"start":{"line":423,"column":2},"end":{"line":423,"column":29}},"273":{"start":{"line":424,"column":2},"end":{"line":424,"column":32}},"274":{"start":{"line":425,"column":2},"end":{"line":425,"column":46}},"275":{"start":{"line":426,"column":2},"end":{"line":426,"column":33}},"276":{"start":{"line":427,"column":2},"end":{"line":427,"column":30}},"277":{"start":{"line":428,"column":2},"end":{"line":428,"column":35}},"278":{"start":{"line":429,"column":2},"end":{"line":429,"column":29}},"279":{"start":{"line":430,"column":2},"end":{"line":430,"column":30}},"280":{"start":{"line":431,"column":2},"end":{"line":431,"column":34}},"281":{"start":{"line":432,"column":2},"end":{"line":432,"column":32}},"282":{"start":{"line":433,"column":2},"end":{"line":433,"column":32}},"283":{"start":{"line":434,"column":2},"end":{"line":434,"column":28}},"284":{"start":{"line":435,"column":2},"end":{"line":435,"column":31}},"285":{"start":{"line":436,"column":2},"end":{"line":436,"column":29}},"286":{"start":{"line":437,"column":2},"end":{"line":437,"column":43}},"287":{"start":{"line":438,"column":2},"end":{"line":438,"column":31}},"288":{"start":{"line":439,"column":2},"end":{"line":439,"column":30}},"289":{"start":{"line":440,"column":2},"end":{"line":440,"column":36}},"290":{"start":{"line":441,"column":2},"end":{"line":441,"column":48}},"291":{"start":{"line":442,"column":2},"end":{"line":442,"column":30}},"292":{"start":{"line":443,"column":2},"end":{"line":443,"column":30}},"293":{"start":{"line":444,"column":2},"end":{"line":444,"column":31}},"294":{"start":{"line":445,"column":2},"end":{"line":445,"column":44}},"295":{"start":{"line":446,"column":2},"end":{"line":446,"column":38}},"296":{"start":{"line":447,"column":2},"end":{"line":447,"column":37}},"297":{"start":{"line":448,"column":2},"end":{"line":448,"column":60}},"298":{"start":{"line":449,"column":2},"end":{"line":449,"column":31}},"299":{"start":{"line":450,"column":2},"end":{"line":450,"column":34}},"300":{"start":{"line":451,"column":2},"end":{"line":451,"column":31}},"301":{"start":{"line":452,"column":2},"end":{"line":452,"column":47}},"302":{"start":{"line":453,"column":2},"end":{"line":453,"column":33}},"303":{"start":{"line":454,"column":2},"end":{"line":454,"column":31}},"304":{"start":{"line":455,"column":2},"end":{"line":455,"column":48}},"305":{"start":{"line":456,"column":2},"end":{"line":456,"column":43}},"306":{"start":{"line":457,"column":2},"end":{"line":457,"column":49}},"307":{"start":{"line":458,"column":2},"end":{"line":458,"column":38}},"308":{"start":{"line":459,"column":2},"end":{"line":459,"column":37}},"309":{"start":{"line":460,"column":2},"end":{"line":460,"column":29}},"310":{"start":{"line":461,"column":2},"end":{"line":461,"column":34}},"311":{"start":{"line":462,"column":2},"end":{"line":462,"column":30}},"312":{"start":{"line":463,"column":2},"end":{"line":463,"column":32}},"313":{"start":{"line":465,"column":13},"end":{"line":465,"column":50}},"314":{"start":{"line":466,"column":2},"end":{"line":468,"column":3}},"315":{"start":{"line":467,"column":4},"end":{"line":467,"column":14}},"316":{"start":{"line":469,"column":2},"end":{"line":469,"column":14}}},"fnMap":{"0":{"name":"cleanPhone","decl":{"start":{"line":13,"column":16},"end":{"line":13,"column":26}},"loc":{"start":{"line":13,"column":34},"end":{"line":21,"column":1}},"line":13},"1":{"name":"countryForE164Number","decl":{"start":{"line":30,"column":16},"end":{"line":30,"column":36}},"loc":{"start":{"line":30,"column":44},"end":{"line":36,"column":1}},"line":30},"2":{"name":"formatNumberForMobileDialing","decl":{"start":{"line":49,"column":16},"end":{"line":49,"column":44}},"loc":{"start":{"line":49,"column":61},"end":{"line":56,"column":1}},"line":49},"3":{"name":"isValidNumber","decl":{"start":{"line":68,"column":16},"end":{"line":68,"column":29}},"loc":{"start":{"line":68,"column":52},"end":{"line":90,"column":1}},"line":68},"4":{"name":"formatE164","decl":{"start":{"line":102,"column":16},"end":{"line":102,"column":26}},"loc":{"start":{"line":102,"column":43},"end":{"line":114,"column":1}},"line":102},"5":{"name":"formatInternational","decl":{"start":{"line":125,"column":16},"end":{"line":125,"column":35}},"loc":{"start":{"line":125,"column":52},"end":{"line":138,"column":1}},"line":125},"6":{"name":"formatLocal","decl":{"start":{"line":150,"column":16},"end":{"line":150,"column":27}},"loc":{"start":{"line":150,"column":44},"end":{"line":166,"column":1}},"line":150},"7":{"name":"exampleLandlineNumber","decl":{"start":{"line":176,"column":16},"end":{"line":176,"column":37}},"loc":{"start":{"line":176,"column":47},"end":{"line":184,"column":1}},"line":176},"8":{"name":"exampleMobileNumber","decl":{"start":{"line":194,"column":16},"end":{"line":194,"column":35}},"loc":{"start":{"line":194,"column":45},"end":{"line":205,"column":1}},"line":194},"9":{"name":"countryCodeToName","decl":{"start":{"line":215,"column":16},"end":{"line":215,"column":33}},"loc":{"start":{"line":215,"column":47},"end":{"line":470,"column":1}},"line":215}},"branchMap":{"0":{"loc":{"start":{"line":15,"column":2},"end":{"line":19,"column":3}},"type":"if","locations":[{"start":{"line":15,"column":2},"end":{"line":19,"column":3}},{"start":{"line":15,"column":2},"end":{"line":19,"column":3}}],"line":15},"1":{"loc":{"start":{"line":73,"column":4},"end":{"line":86,"column":5}},"type":"if","locations":[{"start":{"line":73,"column":4},"end":{"line":86,"column":5}},{"start":{"line":73,"column":4},"end":{"line":86,"column":5}}],"line":73},"2":{"loc":{"start":{"line":75,"column":6},"end":{"line":83,"column":7}},"type":"if","locations":[{"start":{"line":75,"column":6},"end":{"line":83,"column":7}},{"start":{"line":75,"column":6},"end":{"line":83,"column":7}}],"line":75},"3":{"loc":{"start":{"line":76,"column":8},"end":{"line":78,"column":49}},"type":"binary-expr","locations":[{"start":{"line":76,"column":8},"end":{"line":76,"column":39}},{"start":{"line":77,"column":8},"end":{"line":78,"column":49}}],"line":76},"4":{"loc":{"start":{"line":155,"column":4},"end":{"line":162,"column":5}},"type":"if","locations":[{"start":{"line":155,"column":4},"end":{"line":162,"column":5}},{"start":{"line":155,"column":4},"end":{"line":162,"column":5}}],"line":155},"5":{"loc":{"start":{"line":216,"column":2},"end":{"line":218,"column":3}},"type":"if","locations":[{"start":{"line":216,"column":2},"end":{"line":218,"column":3}},{"start":{"line":216,"column":2},"end":{"line":218,"column":3}}],"line":216},"6":{"loc":{"start":{"line":466,"column":2},"end":{"line":468,"column":3}},"type":"if","locations":[{"start":{"line":466,"column":2},"end":{"line":468,"column":3}},{"start":{"line":466,"column":2},"end":{"line":468,"column":3}}],"line":466}},"s":{"0":40,"1":40,"2":20,"3":20,"4":40,"5":3,"6":3,"7":3,"8":3,"9":3,"10":4,"11":4,"12":4,"13":4,"14":4,"15":4,"16":6,"17":6,"18":6,"19":6,"20":3,"21":0,"22":0,"23":0,"24":0,"25":3,"26":3,"27":4,"28":4,"29":4,"30":4,"31":4,"32":4,"33":4,"34":4,"35":0,"36":5,"37":5,"38":5,"39":5,"40":5,"41":58,"42":58,"43":5,"44":0,"45":4,"46":4,"47":4,"48":4,"49":4,"50":3,"51":3,"52":3,"53":3,"54":1,"55":0,"56":4,"57":4,"58":4,"59":4,"60":0,"61":4,"62":4,"63":4,"64":4,"65":0,"66":6,"67":3,"68":3,"69":3,"70":3,"71":3,"72":3,"73":3,"74":3,"75":3,"76":3,"77":3,"78":3,"79":3,"80":3,"81":3,"82":3,"83":3,"84":3,"85":3,"86":3,"87":3,"88":3,"89":3,"90":3,"91":3,"92":3,"93":3,"94":3,"95":3,"96":3,"97":3,"98":3,"99":3,"100":3,"101":3,"102":3,"103":3,"104":3,"105":3,"106":3,"107":3,"108":3,"109":3,"110":3,"111":3,"112":3,"113":3,"114":3,"115":3,"116":3,"117":3,"118":3,"119":3,"120":3,"121":3,"122":3,"123":3,"124":3,"125":3,"126":3,"127":3,"128":3,"129":3,"130":3,"131":3,"132":3,"133":3,"134":3,"135":3,"136":3,"137":3,"138":3,"139":3,"140":3,"141":3,"142":3,"143":3,"144":3,"145":3,"146":3,"147":3,"148":3,"149":3,"150":3,"151":3,"152":3,"153":3,"154":3,"155":3,"156":3,"157":3,"158":3,"159":3,"160":3,"161":3,"162":3,"163":3,"164":3,"165":3,"166":3,"167":3,"168":3,"169":3,"170":3,"171":3,"172":3,"173":3,"174":3,"175":3,"176":3,"177":3,"178":3,"179":3,"180":3,"181":3,"182":3,"183":3,"184":3,"185":3,"186":3,"187":3,"188":3,"189":3,"190":3,"191":3,"192":3,"193":3,"194":3,"195":3,"196":3,"197":3,"198":3,"199":3,"200":3,"201":3,"202":3,"203":3,"204":3,"205":3,"206":3,"207":3,"208":3,"209":3,"210":3,"211":3,"212":3,"213":3,"214":3,"215":3,"216":3,"217":3,"218":3,"219":3,"220":3,"221":3,"222":3,"223":3,"224":3,"225":3,"226":3,"227":3,"228":3,"229":3,"230":3,"231":3,"232":3,"233":3,"234":3,"235":3,"236":3,"237":3,"238":3,"239":3,"240":3,"241":3,"242":3,"243":3,"244":3,"245":3,"246":3,"247":3,"248":3,"249":3,"250":3,"251":3,"252":3,"253":3,"254":3,"255":3,"256":3,"257":3,"258":3,"259":3,"260":3,"261":3,"262":3,"263":3,"264":3,"265":3,"266":3,"267":3,"268":3,"269":3,"270":3,"271":3,"272":3,"273":3,"274":3,"275":3,"276":3,"277":3,"278":3,"279":3,"280":3,"281":3,"282":3,"283":3,"284":3,"285":3,"286":3,"287":3,"288":3,"289":3,"290":3,"291":3,"292":3,"293":3,"294":3,"295":3,"296":3,"297":3,"298":3,"299":3,"300":3,"301":3,"302":3,"303":3,"304":3,"305":3,"306":3,"307":3,"308":3,"309":3,"310":3,"311":3,"312":3,"313":3,"314":3,"315":0,"316":3},"f":{"0":40,"1":3,"2":4,"3":6,"4":4,"5":5,"6":4,"7":4,"8":4,"9":6},"b":{"0":[20,20],"1":[0,3],"2":[0,0],"3":[0,0],"4":[3,1],"5":[3,3],"6":[0,3]},"_coverageSchema":"332fd63041d2c1bcb487cc26dd0d5f7d97098a6c","hash":"f9c57c3b912487f5c412ac95d5519b3e12bfcf9e"}
}
