TN:
SF:/Users/matti/skunkworks/i18nphoneformatter/src/index.js
FN:13,cleanPhone
FN:30,countryForE164Number
FN:49,formatNumberForMobileDialing
FN:68,isValidNumber
FN:102,formatE164
FN:125,formatInternational
FN:150,formatLocal
FN:176,exampleLandlineNumber
FN:194,exampleMobileNumber
FN:215,countryCodeToName
FNF:10
FNH:10
FNDA:40,cleanPhone
FNDA:3,countryForE164Number
FNDA:4,formatNumberForMobileDialing
FNDA:6,isValidNumber
FNDA:4,formatE164
FNDA:5,formatInternational
FNDA:4,formatLocal
FNDA:4,exampleLandlineNumber
FNDA:4,exampleMobileNumber
FNDA:6,countryCodeToName
DA:14,40
DA:15,40
DA:16,20
DA:18,20
DA:20,40
DA:31,3
DA:32,3
DA:33,3
DA:34,3
DA:35,3
DA:50,4
DA:51,4
DA:52,4
DA:53,4
DA:54,4
DA:55,4
DA:69,6
DA:70,6
DA:71,6
DA:72,6
DA:73,3
DA:74,0
DA:75,0
DA:80,0
DA:82,0
DA:85,3
DA:88,3
DA:103,4
DA:104,4
DA:105,4
DA:106,4
DA:107,4
DA:108,4
DA:109,4
DA:110,4
DA:112,0
DA:126,5
DA:127,5
DA:128,5
DA:129,5
DA:130,5
DA:131,58
DA:132,58
DA:134,5
DA:136,0
DA:151,4
DA:152,4
DA:153,4
DA:154,4
DA:155,4
DA:156,3
DA:157,3
DA:158,3
DA:159,3
DA:161,1
DA:164,0
DA:177,4
DA:178,4
DA:179,4
DA:180,4
DA:182,0
DA:195,4
DA:196,4
DA:197,4
DA:201,4
DA:203,0
DA:216,6
DA:217,3
DA:219,3
DA:220,3
DA:221,3
DA:222,3
DA:223,3
DA:224,3
DA:225,3
DA:226,3
DA:227,3
DA:228,3
DA:229,3
DA:230,3
DA:231,3
DA:232,3
DA:233,3
DA:234,3
DA:235,3
DA:236,3
DA:237,3
DA:238,3
DA:239,3
DA:240,3
DA:241,3
DA:242,3
DA:243,3
DA:244,3
DA:245,3
DA:246,3
DA:247,3
DA:248,3
DA:249,3
DA:250,3
DA:251,3
DA:252,3
DA:253,3
DA:254,3
DA:255,3
DA:256,3
DA:257,3
DA:258,3
DA:259,3
DA:260,3
DA:261,3
DA:262,3
DA:263,3
DA:264,3
DA:265,3
DA:266,3
DA:267,3
DA:268,3
DA:269,3
DA:270,3
DA:271,3
DA:272,3
DA:273,3
DA:274,3
DA:275,3
DA:276,3
DA:277,3
DA:278,3
DA:279,3
DA:280,3
DA:281,3
DA:282,3
DA:283,3
DA:284,3
DA:285,3
DA:286,3
DA:287,3
DA:288,3
DA:289,3
DA:290,3
DA:291,3
DA:292,3
DA:293,3
DA:294,3
DA:295,3
DA:296,3
DA:297,3
DA:298,3
DA:299,3
DA:300,3
DA:301,3
DA:302,3
DA:303,3
DA:304,3
DA:305,3
DA:306,3
DA:307,3
DA:308,3
DA:309,3
DA:310,3
DA:311,3
DA:312,3
DA:313,3
DA:314,3
DA:315,3
DA:316,3
DA:317,3
DA:318,3
DA:319,3
DA:320,3
DA:321,3
DA:322,3
DA:323,3
DA:324,3
DA:325,3
DA:326,3
DA:327,3
DA:328,3
DA:329,3
DA:330,3
DA:331,3
DA:332,3
DA:333,3
DA:334,3
DA:335,3
DA:336,3
DA:337,3
DA:338,3
DA:339,3
DA:340,3
DA:341,3
DA:342,3
DA:343,3
DA:344,3
DA:345,3
DA:346,3
DA:347,3
DA:348,3
DA:349,3
DA:350,3
DA:351,3
DA:352,3
DA:353,3
DA:354,3
DA:355,3
DA:356,3
DA:357,3
DA:358,3
DA:359,3
DA:360,3
DA:361,3
DA:362,3
DA:363,3
DA:364,3
DA:365,3
DA:366,3
DA:367,3
DA:368,3
DA:369,3
DA:370,3
DA:371,3
DA:372,3
DA:373,3
DA:374,3
DA:375,3
DA:376,3
DA:377,3
DA:378,3
DA:379,3
DA:380,3
DA:381,3
DA:382,3
DA:383,3
DA:384,3
DA:385,3
DA:386,3
DA:387,3
DA:388,3
DA:389,3
DA:390,3
DA:391,3
DA:392,3
DA:393,3
DA:394,3
DA:395,3
DA:396,3
DA:397,3
DA:398,3
DA:399,3
DA:400,3
DA:401,3
DA:402,3
DA:403,3
DA:404,3
DA:405,3
DA:406,3
DA:407,3
DA:408,3
DA:409,3
DA:410,3
DA:411,3
DA:412,3
DA:413,3
DA:414,3
DA:415,3
DA:416,3
DA:417,3
DA:418,3
DA:419,3
DA:420,3
DA:421,3
DA:422,3
DA:423,3
DA:424,3
DA:425,3
DA:426,3
DA:427,3
DA:428,3
DA:429,3
DA:430,3
DA:431,3
DA:432,3
DA:433,3
DA:434,3
DA:435,3
DA:436,3
DA:437,3
DA:438,3
DA:439,3
DA:440,3
DA:441,3
DA:442,3
DA:443,3
DA:444,3
DA:445,3
DA:446,3
DA:447,3
DA:448,3
DA:449,3
DA:450,3
DA:451,3
DA:452,3
DA:453,3
DA:454,3
DA:455,3
DA:456,3
DA:457,3
DA:458,3
DA:459,3
DA:460,3
DA:461,3
DA:462,3
DA:463,3
DA:465,3
DA:466,3
DA:467,0
DA:469,3
LF:317
LH:307
BRDA:15,0,0,20
BRDA:15,0,1,20
BRDA:73,1,0,0
BRDA:73,1,1,3
BRDA:75,2,0,0
BRDA:75,2,1,0
BRDA:76,3,0,0
BRDA:76,3,1,0
BRDA:155,4,0,3
BRDA:155,4,1,1
BRDA:216,5,0,3
BRDA:216,5,1,3
BRDA:466,6,0,0
BRDA:466,6,1,3
BRF:14
BRH:8
end_of_record
